<?xml version="1.0" encoding="UTF-8"?>
<testng-results skipped="0" failed="0" total="1" passed="1">
  <reporter-output>
  </reporter-output>
  <suite name="Suite1" duration-ms="24134" started-at="2017-04-20T19:26:32Z" finished-at="2017-04-20T19:26:56Z">
    <groups>
    </groups>
    <test name="Regression1" duration-ms="24134" started-at="2017-04-20T19:26:32Z" finished-at="2017-04-20T19:26:56Z">
      <class name="tests.LoginTests">
        <test-method status="PASS" signature="setUp()[pri:0, instance:tests.LoginTests@6be46e8f]" name="setUp" is-config="true" duration-ms="6539" started-at="2017-04-20T12:26:32Z" finished-at="2017-04-20T12:26:38Z">
          <reporter-output>
          </reporter-output>
        </test-method> <!-- setUp -->
        <test-method status="PASS" signature="testcase02()[pri:0, instance:tests.LoginTests@6be46e8f]" name="testcase02" duration-ms="16285" started-at="2017-04-20T12:26:38Z" finished-at="2017-04-20T12:26:55Z">
          <reporter-output>
          </reporter-output>
        </test-method> <!-- testcase02 -->
        <test-method status="PASS" signature="tearDown()[pri:0, instance:tests.LoginTests@6be46e8f]" name="tearDown" is-config="true" duration-ms="1310" started-at="2017-04-20T12:26:55Z" finished-at="2017-04-20T12:26:56Z">
          <reporter-output>
          </reporter-output>
        </test-method> <!-- tearDown -->
      </class> <!-- tests.LoginTests -->
    </test> <!-- Regression1 -->
  </suite> <!-- Suite1 -->
</testng-results>
