<?xml version="1.0" encoding="UTF-8"?>
<testng-results skipped="0" failed="0" ignored="0" total="1" passed="1">
  <reporter-output>
  </reporter-output>
  <suite name="Default suite" duration-ms="24860" started-at="2017-04-20T08:33:15Z" finished-at="2017-04-20T08:33:40Z">
    <groups>
    </groups>
    <test name="Default test" duration-ms="24860" started-at="2017-04-20T08:33:15Z" finished-at="2017-04-20T08:33:40Z">
      <class name="tests.LoginTests">
        <test-method status="PASS" signature="setUp()[pri:0, instance:tests.LoginTests@7cd62f43]" name="setUp" is-config="true" duration-ms="7556" started-at="2017-04-20T01:33:15Z" finished-at="2017-04-20T01:33:23Z">
          <reporter-output>
          </reporter-output>
        </test-method> <!-- setUp -->
        <test-method status="PASS" signature="testcase02()[pri:0, instance:tests.LoginTests@7cd62f43]" name="testcase02" duration-ms="16100" started-at="2017-04-20T01:33:23Z" finished-at="2017-04-20T01:33:39Z">
          <reporter-output>
          </reporter-output>
        </test-method> <!-- testcase02 -->
        <test-method status="PASS" signature="tearDown()[pri:0, instance:tests.LoginTests@7cd62f43]" name="tearDown" is-config="true" duration-ms="1179" started-at="2017-04-20T01:33:39Z" finished-at="2017-04-20T01:33:40Z">
          <reporter-output>
          </reporter-output>
        </test-method> <!-- tearDown -->
      </class> <!-- tests.LoginTests -->
    </test> <!-- Default test -->
  </suite> <!-- Default suite -->
</testng-results>
